[     469ms] [INFO] %cDownload the React DevTools for a better development experience: https://react.dev/link/react-devtools font-weight:bold @ http://localhost:8081/node_modules/expo-router/entry.bundle?platform=web&dev=true&hot=false&lazy=true&transform.routerRoot=app:17360
[     488ms] [LOG] Running application "main" with appParams:
 {rootTag: #root, hydrate: undefined} 
Development-level warnings: ON.
Performance optimizations: OFF. @ http://localhost:8081/node_modules/expo-router/entry.bundle?platform=web&dev=true&hot=false&lazy=true&transform.routerRoot=app:70001
[     493ms] [WARNING] "shadow*" style props are deprecated. Use "boxShadow". @ http://localhost:8081/node_modules/expo-router/entry.bundle?platform=web&dev=true&hot=false&lazy=true&transform.routerRoot=app:23682
[     518ms] [WARNING] props.pointerEvents is deprecated. Use style.pointerEvents @ http://localhost:8081/node_modules/expo-router/entry.bundle?platform=web&dev=true&hot=false&lazy=true&transform.routerRoot=app:23682
[     624ms] [ERROR] cannot create file @ http://localhost:8081/node_modules/expo-sqlite/web/worker.bundle?platform=web&dev=true&hot=false&lazy=true&transform.routerRoot=app&modulesOnly=false&runModule=true:1864
[     625ms] [WARNING] [DB] OPFS open failed, falling back to in-memory DB: Error: Error: Error code 14: unable to open database file
    at workerMessageHandler (http://localhost:8081/node_modules/expo-router/entry.bundle?platform=web&dev=true&hot=false&lazy=true&transform.routerRoot=app:92204:27)
    at Worker.<anonymous> (http://localhost:8081/node_modules/expo-router/entry.bundle?platform=web&dev=true&hot=false&lazy=true&transform.routerRoot=app:91759:49) @ http://localhost:8081/node_modules/expo-router/entry.bundle?platform=web&dev=true&hot=false&lazy=true&transform.routerRoot=app:90922
[  177948ms] [ERROR] cannot create file @ http://localhost:8081/node_modules/expo-sqlite/web/worker.bundle?platform=web&dev=true&hot=false&lazy=true&transform.routerRoot=app&modulesOnly=false&runModule=true:1864
[  177949ms] [WARNING] [DB] OPFS open failed, falling back to in-memory DB: Error: Error: Error code 14: unable to open database file
    at workerMessageHandler (http://localhost:8081/node_modules/expo-router/entry.bundle?platform=web&dev=true&hot=false&lazy=true&transform.routerRoot=app:92204:27)
    at Worker.<anonymous> (http://localhost:8081/node_modules/expo-router/entry.bundle?platform=web&dev=true&hot=false&lazy=true&transform.routerRoot=app:91759:49) @ http://localhost:8081/src/lib/db/database.bundle//&platform=web&dev=true&hot=false&lazy=true&transform.routerRoot=app&minify=false&modulesOnly=true&runModule=false&shallow=true:57
[ 2620554ms] [INFO] %cDownload the React DevTools for a better development experience: https://react.dev/link/react-devtools font-weight:bold @ http://localhost:8081/node_modules/expo-router/entry.bundle?platform=web&dev=true&hot=false&lazy=true&transform.routerRoot=app:17360
[ 2620594ms] [LOG] Running application "main" with appParams:
 {rootTag: #root, hydrate: undefined} 
Development-level warnings: ON.
Performance optimizations: OFF. @ http://localhost:8081/node_modules/expo-router/entry.bundle?platform=web&dev=true&hot=false&lazy=true&transform.routerRoot=app:70001
[ 2620604ms] [WARNING] "shadow*" style props are deprecated. Use "boxShadow". @ http://localhost:8081/node_modules/expo-router/entry.bundle?platform=web&dev=true&hot=false&lazy=true&transform.routerRoot=app:23682
[ 2620644ms] [WARNING] props.pointerEvents is deprecated. Use style.pointerEvents @ http://localhost:8081/node_modules/expo-router/entry.bundle?platform=web&dev=true&hot=false&lazy=true&transform.routerRoot=app:23682
[ 2620800ms] [ERROR] cannot create file @ http://localhost:8081/node_modules/expo-sqlite/web/worker.bundle?platform=web&dev=true&hot=false&lazy=true&transform.routerRoot=app&modulesOnly=false&runModule=true:1864
[ 2620802ms] [WARNING] [DB] OPFS open failed, falling back to in-memory DB: Error: Error: Error code 14: unable to open database file
    at workerMessageHandler (http://localhost:8081/node_modules/expo-router/entry.bundle?platform=web&dev=true&hot=false&lazy=true&transform.routerRoot=app:92204:27)
    at Worker.<anonymous> (http://localhost:8081/node_modules/expo-router/entry.bundle?platform=web&dev=true&hot=false&lazy=true&transform.routerRoot=app:91759:49) @ http://localhost:8081/node_modules/expo-router/entry.bundle?platform=web&dev=true&hot=false&lazy=true&transform.routerRoot=app:90922
[ 2627861ms] [INFO] %cDownload the React DevTools for a better development experience: https://react.dev/link/react-devtools font-weight:bold @ http://localhost:8083/node_modules/expo-router/entry.bundle?platform=web&dev=true&hot=false&lazy=true&transform.routerRoot=app:134750
[ 2627895ms] [LOG] Running application "main" with appParams:
 {rootTag: #root, hydrate: undefined} 
Development-level warnings: ON.
Performance optimizations: OFF. @ http://localhost:8083/node_modules/expo-router/entry.bundle?platform=web&dev=true&hot=false&lazy=true&transform.routerRoot=app:71377
[ 2627911ms] [WARNING] "shadow*" style props are deprecated. Use "boxShadow". @ http://localhost:8083/node_modules/expo-router/entry.bundle?platform=web&dev=true&hot=false&lazy=true&transform.routerRoot=app:50647
[ 2627975ms] [WARNING] props.pointerEvents is deprecated. Use style.pointerEvents @ http://localhost:8083/node_modules/expo-router/entry.bundle?platform=web&dev=true&hot=false&lazy=true&transform.routerRoot=app:50647
[ 2856803ms] [WARNING] Disconnected from Metro (1006)
To reconnect:
- Ensure that Metro is running and available on the same network
- Reload this app (will trigger further help if Metro cannot be connected to) @ http://localhost:8083/node_modules/expo-router/entry.bundle?platform=web&dev=true&hot=false&lazy=true&transform.routerRoot=app:77267
