[     926ms] [INFO] %cDownload the React DevTools for a better development experience: https://react.dev/link/react-devtools font-weight:bold @ http://localhost:8081/node_modules/expo-router/entry.bundle?platform=web&dev=true&hot=false&lazy=true&transform.routerRoot=app:131819
[     946ms] [LOG] Running application "main" with appParams:
 {rootTag: #root, hydrate: undefined} 
Development-level warnings: ON.
Performance optimizations: OFF. @ http://localhost:8081/node_modules/expo-router/entry.bundle?platform=web&dev=true&hot=false&lazy=true&transform.routerRoot=app:39636
[     953ms] [WARNING] "shadow*" style props are deprecated. Use "boxShadow". @ http://localhost:8081/node_modules/expo-router/entry.bundle?platform=web&dev=true&hot=false&lazy=true&transform.routerRoot=app:7236
[     983ms] [WARNING] props.pointerEvents is deprecated. Use style.pointerEvents @ http://localhost:8081/node_modules/expo-router/entry.bundle?platform=web&dev=true&hot=false&lazy=true&transform.routerRoot=app:7236
[    1168ms] Error: NoModificationAllowedError: Failed to execute 'createSyncAccessHandle' on 'FileSystemFileHandle': Access Handles cannot be created if there is another open Access Handle or Writable stream associated with the same file.
    at workerMessageHandler (http://localhost:8081/node_modules/expo-router/entry.bundle?platform=web&dev=true&hot=false&lazy=true&transform.routerRoot=app:70781:27)
    at Worker.<anonymous> (http://localhost:8081/node_modules/expo-router/entry.bundle?platform=web&dev=true&hot=false&lazy=true&transform.routerRoot=app:70336:49)
[    1198ms] [ERROR] cannot create file @ http://localhost:8081/node_modules/expo-sqlite/web/worker.bundle?platform=web&dev=true&hot=false&lazy=true&transform.routerRoot=app&modulesOnly=false&runModule=true:1864
[    1215ms] Error: Error: Error code 14: unable to open database file
    at workerMessageHandler (http://localhost:8081/node_modules/expo-router/entry.bundle?platform=web&dev=true&hot=false&lazy=true&transform.routerRoot=app:70781:27)
    at Worker.<anonymous> (http://localhost:8081/node_modules/expo-router/entry.bundle?platform=web&dev=true&hot=false&lazy=true&transform.routerRoot=app:70336:49)
[    1221ms] Error: NoModificationAllowedError: Failed to execute 'createSyncAccessHandle' on 'FileSystemFileHandle': Access Handles cannot be created if there is another open Access Handle or Writable stream associated with the same file.
    at workerMessageHandler (http://localhost:8081/node_modules/expo-router/entry.bundle?platform=web&dev=true&hot=false&lazy=true&transform.routerRoot=app:70781:27)
    at Worker.<anonymous> (http://localhost:8081/node_modules/expo-router/entry.bundle?platform=web&dev=true&hot=false&lazy=true&transform.routerRoot=app:70336:49)
[   25208ms] [ERROR] cannot create file @ http://localhost:8081/node_modules/expo-sqlite/web/worker.bundle?platform=web&dev=true&hot=false&lazy=true&transform.routerRoot=app&modulesOnly=false&runModule=true:1864
[   25214ms] Error: Error: Error code 14: unable to open database file
    at workerMessageHandler (http://localhost:8081/node_modules/expo-router/entry.bundle?platform=web&dev=true&hot=false&lazy=true&transform.routerRoot=app:70781:27)
    at Worker.<anonymous> (http://localhost:8081/node_modules/expo-router/entry.bundle?platform=web&dev=true&hot=false&lazy=true&transform.routerRoot=app:70336:49)
[   25214ms] Error: Error: Error code 14: unable to open database file
    at workerMessageHandler (http://localhost:8081/node_modules/expo-router/entry.bundle?platform=web&dev=true&hot=false&lazy=true&transform.routerRoot=app:70781:27)
    at Worker.<anonymous> (http://localhost:8081/node_modules/expo-router/entry.bundle?platform=web&dev=true&hot=false&lazy=true&transform.routerRoot=app:70336:49)
[   25215ms] Error: Error: Error code 14: unable to open database file
    at workerMessageHandler (http://localhost:8081/node_modules/expo-router/entry.bundle?platform=web&dev=true&hot=false&lazy=true&transform.routerRoot=app:70781:27)
    at Worker.<anonymous> (http://localhost:8081/node_modules/expo-router/entry.bundle?platform=web&dev=true&hot=false&lazy=true&transform.routerRoot=app:70336:49)
[   95507ms] [WARNING] Disconnected from Metro (1006)
To reconnect:
- Ensure that Metro is running and available on the same network
- Reload this app (will trigger further help if Metro cannot be connected to) @ http://localhost:8081/node_modules/expo-router/entry.bundle?platform=web&dev=true&hot=false&lazy=true&transform.routerRoot=app:54565
