[     899ms] [INFO] %cDownload the React DevTools for a better development experience: https://react.dev/link/react-devtools font-weight:bold @ http://localhost:8081/node_modules/expo-router/entry.bundle?platform=web&dev=true&hot=false&lazy=true&transform.routerRoot=app:131823
[     949ms] [LOG] Running application "main" with appParams:
 {rootTag: #root, hydrate: undefined} 
Development-level warnings: ON.
Performance optimizations: OFF. @ http://localhost:8081/node_modules/expo-router/entry.bundle?platform=web&dev=true&hot=false&lazy=true&transform.routerRoot=app:39636
[     970ms] [WARNING] "shadow*" style props are deprecated. Use "boxShadow". @ http://localhost:8081/node_modules/expo-router/entry.bundle?platform=web&dev=true&hot=false&lazy=true&transform.routerRoot=app:7236
[    1068ms] [WARNING] props.pointerEvents is deprecated. Use style.pointerEvents @ http://localhost:8081/node_modules/expo-router/entry.bundle?platform=web&dev=true&hot=false&lazy=true&transform.routerRoot=app:7236
[    1323ms] [ERROR] %o

%s

%s
 TypeError: Failed to set an indexed property [0] on 'CSSStyleDeclaration': Indexed property setter is not supported.
    at setValueForStyle (http://localhost:8081/node_modules/expo-router/entry.bundle?platform=web&dev=true&hot=false&lazy=true&transform.routerRoot=app:119692:444)
    at setValueForStyles (http://localhost:8081/node_modules/expo-router/entry.bundle?platform=web&dev=true&hot=false&lazy=true&transform.routerRoot=app:119715:88)
    at setProp (http://localhost:8081/node_modules/expo-router/entry.bundle?platform=web&dev=true&hot=false&lazy=true&transform.routerRoot=app:126764:11)
    at setInitialProperties (http://localhost:8081/node_modules/expo-router/entry.bundle?platform=web&dev=true&hot=false&lazy=true&transform.routerRoot=app:127167:122)
    at completeWork (http://localhost:8081/node_modules/expo-router/entry.bundle?platform=web&dev=true&hot=false&lazy=true&transform.routerRoot=app:123865:26)
    at runWithFiberInDEV (http://localhost:8081/node_modules/expo-router/entry.bundle?platform=web&dev=true&hot=false&lazy=true&transform.routerRoot=app:119091:70)
    at completeUnitOfWork (http://localhost:8081/node_modules/expo-router/entry.bundle?platform=web&dev=true&hot=false&lazy=true&transform.routerRoot=app:125735:19)
    at performUnitOfWork (http://localhost:8081/node_modules/expo-router/entry.bundle?platform=web&dev=true&hot=false&lazy=true&transform.routerRoot=app:125673:26)
    at workLoopSync (http://localhost:8081/node_modules/expo-router/entry.bundle?platform=web&dev=true&hot=false&lazy=true&transform.routerRoot=app:125564:40)
    at renderRootSync (http://localhost:8081/node_modules/expo-router/entry.bundle?platform=web&dev=true&hot=false&lazy=true&transform.routerRoot=app:125548:9)
    at performWorkOnRoot (http://localhost:8081/node_modules/expo-router/entry.bundle?platform=web&dev=true&hot=false&lazy=true&transform.routerRoot=app:125312:44)
    at performSyncWorkOnRoot (http://localhost:8081/node_modules/expo-router/entry.bundle?platform=web&dev=true&hot=false&lazy=true&transform.routerRoot=app:126276:7)
    at flushSyncWorkAcrossRoots_impl (http://localhost:8081/node_modules/expo-router/entry.bundle?platform=web&dev=true&hot=false&lazy=true&transform.routerRoot=app:126195:308)
    at processRootScheduleInMicrotask (http://localhost:8081/node_modules/expo-router/entry.bundle?platform=web&dev=true&hot=false&lazy=true&transform.routerRoot=app:126215:7)
    at http://localhost:8081/node_modules/expo-router/entry.bundle?platform=web&dev=true&hot=false&lazy=true&transform.routerRoot=app:126287:154 The above error occurred in the <a> component. React will try to recreate this component tree from scratch using the error boundary you provided, Try. @ http://localhost:8081/node_modules/expo-router/entry.bundle?platform=web&dev=true&hot=false&lazy=true&transform.routerRoot=app:1120
