[     853ms] [INFO] %cDownload the React DevTools for a better development experience: https://react.dev/link/react-devtools font-weight:bold @ http://localhost:8081/node_modules/expo-router/entry.bundle?platform=web&dev=true&hot=false&lazy=true&transform.routerRoot=app:131884
[     916ms] [LOG] Running application "main" with appParams:
 {rootTag: #root, hydrate: undefined} 
Development-level warnings: ON.
Performance optimizations: OFF. @ http://localhost:8081/node_modules/expo-router/entry.bundle?platform=web&dev=true&hot=false&lazy=true&transform.routerRoot=app:39636
[     928ms] [WARNING] "shadow*" style props are deprecated. Use "boxShadow". @ http://localhost:8081/node_modules/expo-router/entry.bundle?platform=web&dev=true&hot=false&lazy=true&transform.routerRoot=app:7236
[     995ms] [WARNING] props.pointerEvents is deprecated. Use style.pointerEvents @ http://localhost:8081/node_modules/expo-router/entry.bundle?platform=web&dev=true&hot=false&lazy=true&transform.routerRoot=app:7236
[    1140ms] [ERROR] cannot create file @ http://localhost:8081/node_modules/expo-sqlite/web/worker.bundle?platform=web&dev=true&hot=false&lazy=true&transform.routerRoot=app&modulesOnly=false&runModule=true:1864
[    1145ms] Error: Error: Error code 14: unable to open database file
    at workerMessageHandler (http://localhost:8081/node_modules/expo-router/entry.bundle?platform=web&dev=true&hot=false&lazy=true&transform.routerRoot=app:70527:27)
    at Worker.<anonymous> (http://localhost:8081/node_modules/expo-router/entry.bundle?platform=web&dev=true&hot=false&lazy=true&transform.routerRoot=app:70082:49)
[  147049ms] [ERROR] WebSocket connection to 'ws://localhost:8081/message' failed:  @ http://localhost:8081/node_modules/expo-router/entry.bundle?platform=web&dev=true&hot=false&lazy=true&transform.routerRoot=app:56316
[  147049ms] [ERROR] WebSocket connection to 'ws://localhost:8081/hot' failed:  @ http://localhost:8081/node_modules/expo-router/entry.bundle?platform=web&dev=true&hot=false&lazy=true&transform.routerRoot=app:54642
[  147551ms] [WARNING] Cannot connect to Metro.
 
 Try the following to fix the issue:
 - Ensure the Metro dev server is running and available on the same network as this device
 
 URL: localhost:8081
 
 Error: undefined @ http://localhost:8081/node_modules/expo-router/entry.bundle?platform=web&dev=true&hot=false&lazy=true&transform.routerRoot=app:54565
[  165731ms] [INFO] %cDownload the React DevTools for a better development experience: https://react.dev/link/react-devtools font-weight:bold @ http://localhost:8081/node_modules/expo-router/entry.bundle?platform=web&dev=true&hot=false&lazy=true&transform.routerRoot=app:131884
[  165746ms] [LOG] Running application "main" with appParams:
 {rootTag: #root, hydrate: undefined} 
Development-level warnings: ON.
Performance optimizations: OFF. @ http://localhost:8081/node_modules/expo-router/entry.bundle?platform=web&dev=true&hot=false&lazy=true&transform.routerRoot=app:39636
[  165751ms] [WARNING] "shadow*" style props are deprecated. Use "boxShadow". @ http://localhost:8081/node_modules/expo-router/entry.bundle?platform=web&dev=true&hot=false&lazy=true&transform.routerRoot=app:7236
[  165776ms] [WARNING] props.pointerEvents is deprecated. Use style.pointerEvents @ http://localhost:8081/node_modules/expo-router/entry.bundle?platform=web&dev=true&hot=false&lazy=true&transform.routerRoot=app:7236
[  166159ms] [ERROR] cannot create file @ http://localhost:8081/node_modules/expo-sqlite/web/worker.bundle?platform=web&dev=true&hot=false&lazy=true&transform.routerRoot=app&modulesOnly=false&runModule=true:1864
[  166163ms] Error: Error: Error code 14: unable to open database file
    at workerMessageHandler (http://localhost:8081/node_modules/expo-router/entry.bundle?platform=web&dev=true&hot=false&lazy=true&transform.routerRoot=app:70527:27)
    at Worker.<anonymous> (http://localhost:8081/node_modules/expo-router/entry.bundle?platform=web&dev=true&hot=false&lazy=true&transform.routerRoot=app:70082:49)
